* Measurement data measured by REW V5.20.13
* Source: Umik-1  Gain: 12dB  , MICROPHONE, R, volume: 1.000. Timing signal peak level -22.1 dBFS, measurement signal peak level -19.2 dBFS
* Format: 1M Log Swept Sine, 1 sweep at -12.0 dBFS using an acoustic timing reference
* Dated: Aug 5, 2023 2:40:56 PM
* REW Settings:
*  C-weighting compensation: Off
*  Target level: 75.0 dB
* Note: Delay -0.0659 ms (-23 mm, -0.89 in) using estimated IR delay relative to Acoustic reference played from SPEAKER R with -0.0186 ms (-6.4 mm, -0.25 in) timing offset Clock adjustment: 56.6 ppm
* Measurement: tweeter baseline 72
* Smoothing: 1/24 octave
* Frequency Step: 1/48 octave
* Start Frequency: 200.000 Hz
*
* Freq(Hz) SPL(dB) Phase(degrees)
200.000000 33.976 13.8797
203.000000 33.301 16.7938
206.000000 33.086 25.2355
209.000000 34.724 30.0164
212.000000 36.546 29.5336
214.000000 37.535 29.7739
218.000000 38.662 27.6817
220.000000 38.779 23.8562
224.000000 38.570 16.7029
227.000000 38.777 16.8860
230.000000 39.189 19.6756
233.000000 39.602 20.8101
236.000000 39.892 19.4660
240.000000 39.898 20.9187
243.000000 40.065 26.4549
247.000000 40.542 28.1293
250.000000 40.952 27.2192
254.000000 41.426 29.0616
258.000000 42.244 29.9772
262.000000 43.197 28.6085
265.000000 43.880 26.7084
269.000000 44.479 20.0730
272.000000 44.343 14.7326
276.000000 43.801 11.3464
280.000000 43.496 11.9944
285.000000 43.679 15.3395
290.000000 43.976 13.2127
295.000000 44.053 9.9987
300.000000 44.554 7.3876
304.000000 44.448 5.0748
307.000000 43.891 3.9056
311.000000 42.650 3.8215
315.000000 41.152 8.3542
320.000000 40.697 20.3629
325.000000 42.031 30.8566
330.000000 43.520 34.5611
335.000000 44.449 31.3982
340.000000 44.859 31.0173
345.000000 45.369 36.1523
350.000000 45.905 38.1088
355.000000 46.298 37.5540
360.000000 46.854 35.9648
365.000000 47.184 33.8071
370.000000 47.053 32.8876
375.000000 47.031 33.9446
382.000000 47.383 34.8630
387.000000 47.075 37.1564
395.000000 47.405 51.6694
400.000000 49.025 59.4720
406.000000 50.763 61.1302
412.000000 51.829 59.2692
418.000000 52.779 57.5653
425.000000 54.256 55.3544
431.000000 55.195 48.6743
437.000000 55.302 41.4741
444.000000 55.009 38.0125
450.000000 54.737 38.9492
455.000000 54.846 41.4799
462.000000 55.536 43.2620
468.000000 56.069 42.3207
475.000000 56.549 42.4518
482.000000 57.329 42.7745
487.000000 57.915 41.2126
494.000000 58.420 37.5698
500.000000 58.730 35.2299
508.000000 59.221 31.2565
515.000000 59.284 26.1432
522.000000 58.727 23.4730
530.000000 58.214 27.5094
538.000000 58.887 32.4963
545.000000 59.744 31.9267
552.000000 60.065 28.2686
560.000000 59.890 26.0780
570.000000 59.815 28.4456
580.000000 60.556 31.3510
590.000000 61.442 28.7195
600.000000 61.284 23.9819
608.000000 60.782 27.1632
615.000000 61.202 32.6725
622.000000 62.022 34.1494
630.000000 62.506 32.2855
640.000000 62.748 32.2574
650.000000 63.320 33.0691
660.000000 63.754 33.2533
670.000000 64.682 35.9068
680.000000 65.939 33.2045
690.000000 66.262 26.3946
700.000000 66.088 23.8442
710.000000 66.322 23.5011
720.000000 66.459 21.3718
730.000000 66.419 21.3374
740.000000 66.572 21.9726
750.000000 66.784 22.9391
762.000000 67.345 24.5813
775.000000 67.964 24.2097
788.000000 68.580 23.7392
800.000000 69.110 22.5095
812.000000 69.575 20.4611
825.000000 69.741 18.1023
838.000000 69.782 19.6787
850.000000 70.647 23.3633
862.000000 71.567 20.4947
875.000000 71.669 16.3775
885.000000 71.757 16.4486
900.000000 72.386 16.2986
912.000000 72.788 14.3796
925.000000 73.101 13.4758
938.000000 73.613 12.3460
950.000000 73.892 9.5135
962.000000 73.810 7.2274
975.000000 73.561 8.9438
988.000000 73.937 13.5851
1000.000000 74.996 16.8793
1015.000000 76.279 13.5631
1030.000000 76.274 7.9404
1044.000000 76.201 9.8759
1060.000000 76.996 12.4574
1075.000000 77.966 12.9587
1090.000000 79.126 11.1828
1106.000000 79.965 5.9112
1120.000000 80.403 2.1599
1138.000000 81.108 -2.4503
1150.000000 81.385 -6.3740
1172.000000 81.775 -11.2037
1180.000000 81.986 -13.0689
1206.000000 82.289 -19.4146
1220.000000 82.577 -20.9016
1241.000000 83.276 -26.1269
1250.000000 83.428 -29.4505
1265.000000 83.469 -34.6286
1280.000000 83.412 -39.2189
1315.000000 82.761 -46.9125
1320.000000 82.630 -47.1563
1340.000000 82.508 -46.2955
1360.000000 82.823 -48.2004
1380.000000 82.907 -51.0241
1400.000000 82.977 -54.2010
1430.000000 82.865 -57.5944
1450.000000 83.048 -59.9664
1475.000000 82.921 -65.6843
1500.000000 82.295 -68.4965
1525.000000 81.816 -68.8007
1550.000000 81.569 -67.1773
1575.000000 81.956 -64.5093
1600.000000 82.395 -67.4858
1625.000000 82.275 -71.4373
1650.000000 81.838 -72.0432
1675.000000 81.742 -70.5874
1700.000000 81.922 -68.8359
1725.000000 82.640 -68.2271
1750.000000 83.206 -72.2327
1775.000000 83.316 -77.0775
1800.000000 83.232 -81.0444
1825.000000 83.054 -84.7981
1850.000000 82.652 -86.7492
1875.000000 82.494 -87.8521
1900.000000 82.209 -89.8227
1925.000000 81.861 -90.0852
1950.000000 81.711 -89.5761
1975.000000 81.776 -89.7105
2000.000000 81.851 -91.2190
2030.000000 81.690 -93.7162
2060.000000 81.205 -94.7465
2090.000000 80.866 -92.7148
2120.000000 81.082 -92.0722
2140.000000 81.103 -93.5079
2180.000000 80.729 -93.7868
2200.000000 80.694 -92.7394
2240.000000 80.941 -92.6151
2270.000000 81.039 -95.2599
2300.000000 80.747 -97.8847
2330.000000 80.317 -98.2822
2360.000000 80.022 -97.5662
2400.000000 79.794 -96.5650
2430.000000 79.766 -95.9004
2470.000000 79.781 -97.0606
2500.000000 79.481 -98.1578
2540.000000 79.040 -97.0964
2580.000000 78.717 -95.9712
2620.000000 78.351 -94.3245
2650.000000 78.064 -91.7446
2690.000000 78.096 -86.3104
2720.000000 78.409 -83.4258
2760.000000 78.777 -81.2259
2800.000000 79.316 -80.1053
2850.000000 79.889 -81.1805
2900.000000 80.359 -85.9518
2950.000000 79.772 -90.8808
3000.000000 79.080 -89.2270
3040.000000 78.828 -87.3030
3070.000000 78.773 -85.4388
3110.000000 78.888 -84.0366
3150.000000 78.857 -83.6385
3200.000000 78.772 -81.6301
3250.000000 78.832 -79.4761
3300.000000 79.102 -76.5219
3350.000000 79.598 -75.3981
3400.000000 80.022 -76.1379
3450.000000 80.263 -77.9289
3500.000000 80.316 -80.2236
3550.000000 80.153 -81.3386
3600.000000 80.063 -81.5367
3650.000000 79.974 -81.7047
3700.000000 79.896 -81.5527
3750.000000 79.855 -81.1890
3820.000000 79.844 -80.7597
3870.000000 79.889 -80.2766
3950.000000 79.943 -80.3493
4000.000000 80.034 -80.0996
4060.000000 80.141 -81.2978
4120.000000 80.128 -82.3731
4180.000000 80.046 -84.4246
4250.000000 79.571 -86.0880
4310.000000 79.159 -85.8956
4370.000000 78.790 -85.9267
4440.000000 78.144 -84.4983
4500.000000 77.665 -81.2749
4550.000000 77.405 -77.8391
4620.000000 77.382 -71.4371
4680.000000 77.900 -67.1446
4750.000000 78.511 -65.7766
4820.000000 78.919 -65.9099
4870.000000 79.137 -65.9945
4940.000000 79.529 -66.5625
5000.000000 79.789 -68.5168
5080.000000 79.778 -71.6160
5150.000000 79.565 -73.2200
5220.000000 79.386 -73.4809
5300.000000 79.313 -74.4541
5380.000000 79.041 -75.8443
5450.000000 78.766 -76.2634
5520.000000 78.503 -76.8602
5600.000000 78.064 -77.3837
5700.000000 77.418 -75.8103
5800.000000 77.040 -74.0588
5900.000000 76.465 -73.0689
6000.000000 75.692 -68.8337
6080.000000 75.398 -63.9253
6150.000000 75.297 -60.0500
6220.000000 75.289 -55.4070
6300.000000 75.692 -50.8314
6400.000000 76.058 -48.8752
6500.000000 76.274 -45.8393
6600.000000 76.791 -43.6343
6700.000000 77.113 -43.5649
6800.000000 77.319 -42.6011
6900.000000 77.731 -42.4539
7000.000000 77.970 -44.3170
7100.000000 78.017 -46.0851
7200.000000 77.949 -48.5589
7300.000000 77.475 -50.1034
7400.000000 77.034 -48.5392
7500.000000 76.875 -47.2372
7620.000000 76.652 -46.2671
7750.000000 76.413 -44.1823
7880.000000 76.406 -41.9613
8000.000000 76.528 -41.0919
8120.000000 76.569 -41.7574
8250.000000 76.406 -43.0430
8380.000000 75.964 -43.7093
8500.000000 75.530 -42.5352
8620.000000 75.206 -40.9055
8750.000000 74.999 -38.6540
8850.000000 74.952 -37.6827
9000.000000 74.757 -36.9529
9120.000000 74.597 -36.4147
9250.000000 74.306 -35.8756
9380.000000 74.043 -34.2092
9500.000000 73.957 -32.6086
9620.000000 73.986 -31.3691
9750.000000 74.143 -31.1376
9880.000000 74.265 -32.3249
10000.000000 74.307 -33.8780
10150.000000 74.394 -36.5085
10300.000000 74.521 -40.2626
10440.000000 74.741 -45.7887
10600.000000 74.692 -54.7060
10750.000000 74.662 -63.7346
10900.000000 74.710 -75.6090
11060.000000 74.748 -92.3927
11200.000000 74.383 -110.1434
11380.000000 73.480 -131.5093
11500.000000 72.956 -144.1391
11720.000000 72.602 -165.5417
11800.000000 72.542 -173.3023
12060.000000 72.297 166.5843
12200.000000 72.435 158.7350
12410.000000 72.717 146.1756
12500.000000 72.616 140.9753
12650.000000 72.180 134.8750
12800.000000 71.777 131.9058
13150.000000 71.143 128.1982
13200.000000 71.040 128.0580
13400.000000 70.666 129.2110
13600.000000 70.581 130.7203
13800.000000 70.406 131.5826
14000.000000 70.126 134.0752
14300.000000 70.186 138.3823
14500.000000 70.217 139.7742
14750.000000 70.227 141.4859
15000.000000 70.325 140.8726
15250.000000 69.798 137.6791
15500.000000 68.662 136.3996
15750.000000 67.129 137.6042
16000.000000 65.181 143.0978
16250.000000 63.087 154.5880
16500.000000 61.403 173.1517
16750.000000 61.129 -165.9139
17000.000000 61.826 -149.7817
17250.000000 62.626 -139.2686
17500.000000 63.155 -132.7652
17750.000000 63.245 -128.7584
18000.000000 62.721 -125.6175
18250.000000 61.555 -120.7744
18500.000000 59.876 -111.3227
18750.000000 58.256 -97.6139
19000.000000 57.225 -83.7293
19250.000000 56.591 -73.8045
19500.000000 55.697 -68.3035
19750.000000 54.295 -64.8894
